<?xml version="1.0" encoding="UTF-8"?>
<!-- Generated by org.testng.reporters.JUnitXMLReporter -->
<testsuite hostname="This-PC" ignored="0" name="Test" tests="5" failures="1" timestamp="2023-06-01T22:22:36 IST" time="19.027" errors="0">
  <testcase name="testPostuser" time="11.455" classname="api.tests.UserTests"/>
  <testcase name="testReaduser" time="1.406" classname="api.tests.UserTests">
    <failure type="java.lang.AssertionError" message="expected [201] but found [200]">
      <![CDATA[java.lang.AssertionError: expected [201] but found [200]
at api.tests.UserTests.testReaduser(UserTests.java:40)
at java.util.ArrayList.forEach(ArrayList.java:1259)
... Removed 33 stack frames]]>
    </failure>
  </testcase> <!-- testReaduser -->
  <testcase name="testUpdateuser" time="1.576" classname="api.tests.UserTests"/>
  <testcase name="testReadupdateduser" time="1.541" classname="api.tests.UserTests"/>
  <testcase name="deleteUser" time="1.533" classname="api.tests.UserTests"/>
</testsuite> <!-- Test -->
