<?xml version="1.0" encoding="UTF-8"?>
<!-- Generated by org.testng.reporters.JUnitXMLReporter -->
<testsuite hostname="This-PC" ignored="0" name="Default test" tests="5" failures="0" timestamp="2023-06-01T21:54:29 IST" time="39.508" errors="0">
  <testcase name="testPostuser" time="33.457" classname="api.tests.UserTests"/>
  <testcase name="testReaduser" time="1.493" classname="api.tests.UserTests"/>
  <testcase name="testUpdateuser" time="0.983" classname="api.tests.UserTests"/>
  <testcase name="testReadupdateduser" time="1.251" classname="api.tests.UserTests"/>
  <testcase name="deleteUser" time="1.105" classname="api.tests.UserTests"/>
</testsuite> <!-- Default test -->
